#
# There is insufficient memory for the Java Runtime Environment to continue.
# Native memory allocation (mmap) failed to map 536870912 bytes for G1 virtual space
# Possible reasons:
#   The system is out of physical RAM or swap space
#   The process is running with CompressedOops enabled, and the Java Heap may be blocking the growth of the native heap
# Possible solutions:
#   Reduce memory load on the system
#   Increase physical memory or swap space
#   Check if swap backing store is full
#   Decrease Java heap size (-Xmx/-Xms)
#   Decrease number of Java threads
#   Decrease Java thread stack sizes (-Xss)
#   Set larger code cache with -XX:ReservedCodeCacheSize=
#   JVM is running with Zero Based Compressed Oops mode in which the Java heap is
#     placed in the first 32GB address space. The Java Heap base address is the
#     maximum limit for the native heap growth. Please use -XX:HeapBaseMinAddress
#     to set the Java Heap base and to place the Java Heap above 32GB virtual address.
# This output file may be truncated or incomplete.
#
#  Out of Memory Error (os_windows.cpp:3469), pid=12604, tid=18188
#
# JRE version:  (17.0.1+12) (build )
# Java VM: OpenJDK 64-Bit Server VM (17.0.1+12, mixed mode, sharing, tiered, compressed oops, compressed class ptrs, g1 gc, windows-amd64)
# No core dump will be written. Minidumps are not enabled by default on client versions of Windows
#

---------------  S U M M A R Y ------------

Command Line: -javaagent:C:\Program Files\JetBrains\IntelliJ IDEA Community Edition 2021.3.1\lib\idea_rt.jar=51287:C:\Program Files\JetBrains\IntelliJ IDEA Community Edition 2021.3.1\bin -Dfile.encoding=UTF-8 main.Main

Host: Intel(R) Core(TM) i7-10700KF CPU @ 3.80GHz, 16 cores, 31G,  Windows 10 , 64 bit Build 19041 (10.0.19041.1566)
Time: Wed Mar 16 15:05:51 2022 Pacific Daylight Time elapsed time: 0.109722 seconds (0d 0h 0m 0s)

---------------  T H R E A D  ---------------

Current thread (0x000001c9acdce400):  JavaThread "Unknown thread" [_thread_in_vm, id=18188, stack(0x000000b101000000,0x000000b101100000)]

Stack: [0x000000b101000000,0x000000b101100000]
Native frames: (J=compiled Java code, j=interpreted, Vv=VM code, C=native code)
V  [jvm.dll+0x6744da]
V  [jvm.dll+0x82e144]
V  [jvm.dll+0x82f8ee]
V  [jvm.dll+0x82ff53]
V  [jvm.dll+0x245175]
V  [jvm.dll+0x6714c9]
V  [jvm.dll+0x665f92]
V  [jvm.dll+0x303c3b]
V  [jvm.dll+0x30b176]
V  [jvm.dll+0x35af1e]
V  [jvm.dll+0x35b14f]
V  [jvm.dll+0x2dab78]
V  [jvm.dll+0x2dbae4]
V  [jvm.dll+0x7ffdf1]
V  [jvm.dll+0x368c91]
V  [jvm.dll+0x7df2cc]
V  [jvm.dll+0x3eb59f]
V  [jvm.dll+0x3ed121]
C  [jli.dll+0x5277]
C  [ucrtbase.dll+0x21bb2]
C  [KERNEL32.DLL+0x17034]
C  [ntdll.dll+0x52651]


---------------  P R O C E S S  ---------------

Threads class SMR info:
_java_thread_list=0x00007ffeec5e4e58, length=0, elements={
}

Java Threads: ( => current thread )

Other Threads:
  0x000001c9ace443b0 GCTaskThread "GC Thread#0" [stack: 0x000000b101100000,0x000000b101200000] [id=29660]
  0x000001c9ace56250 ConcurrentGCThread "G1 Main Marker" [stack: 0x000000b101200000,0x000000b101300000] [id=16976]
  0x000001c9ace58410 ConcurrentGCThread "G1 Conc#0" [stack: 0x000000b101300000,0x000000b101400000] [id=24640]

[error occurred during error reporting (printing all threads), id 0xc0000005, EXCEPTION_ACCESS_VIOLATION (0xc0000005) at pc=0x00007ffeebdbb5f7]

VM state: not at safepoint (not fully initialized)

VM Mutex/Monitor currently owned by a thread:  ([mutex/lock_event])
[0x000001c9acdc9f10] Heap_lock - owner thread: 0x000001c9acdce400

Heap address: 0x0000000601400000, size: 8172 MB, Compressed Oops mode: Zero based, Oop shift amount: 3

CDS archive(s) mapped at: [0x0000000000000000-0x0000000000000000-0x0000000000000000), size 0, SharedBaseAddress: 0x0000000800000000, ArchiveRelocationMode: 0.
Narrow klass base: 0x0000000000000000, Narrow klass shift: 0, Narrow klass range: 0x0

GC Precious Log:
<Empty>

Heap:
 garbage-first heap   total 0K, used 0K [0x0000000601400000, 0x0000000800000000)
  region size 4096K, 0 young (0K), 0 survivors (0K)

[error occurred during error reporting (printing heap information), id 0xc0000005, EXCEPTION_ACCESS_VIOLATION (0xc0000005) at pc=0x00007ffeec19d729]

GC Heap History (0 events):
No events

Deoptimization events (0 events):
No events

Classes unloaded (0 events):
No events

Classes redefined (0 events):
No events

Internal exceptions (0 events):
No events

VM Operations (0 events):
No events

Events (1 events):
Event: 0.053 Loaded shared library C:\Users\Ryan\AppData\Local\Programs\Eclipse Adoptium\jdk-17.0.1.12-hotspot\bin\java.dll


Dynamic libraries:
0x00007ff6b51d0000 - 0x00007ff6b51de000 	C:\Users\Ryan\AppData\Local\Programs\Eclipse Adoptium\jdk-17.0.1.12-hotspot\bin\java.exe
0x00007fff53cb0000 - 0x00007fff53ea5000 	C:\Windows\SYSTEM32\ntdll.dll
0x00007fff53740000 - 0x00007fff537fe000 	C:\Windows\System32\KERNEL32.DLL
0x00007fff51780000 - 0x00007fff51a48000 	C:\Windows\System32\KERNELBASE.dll
0x00007fff51550000 - 0x00007fff51650000 	C:\Windows\System32\ucrtbase.dll
0x00007fff4c330000 - 0x00007fff4c349000 	C:\Users\Ryan\AppData\Local\Programs\Eclipse Adoptium\jdk-17.0.1.12-hotspot\bin\VCRUNTIME140.dll
0x00007fff4c970000 - 0x00007fff4c988000 	C:\Users\Ryan\AppData\Local\Programs\Eclipse Adoptium\jdk-17.0.1.12-hotspot\bin\jli.dll
0x00007fff52810000 - 0x00007fff529b0000 	C:\Windows\System32\USER32.dll
0x00007fff3a800000 - 0x00007fff3aa9a000 	C:\Windows\WinSxS\amd64_microsoft.windows.common-controls_6595b64144ccf1df_6.0.19041.1110_none_60b5254171f9507e\COMCTL32.dll
0x00007fff51650000 - 0x00007fff51672000 	C:\Windows\System32\win32u.dll
0x00007fff52bc0000 - 0x00007fff52c5e000 	C:\Windows\System32\msvcrt.dll
0x00007fff51d10000 - 0x00007fff51d3b000 	C:\Windows\System32\GDI32.dll
0x00007fff51440000 - 0x00007fff5154b000 	C:\Windows\System32\gdi32full.dll
0x00007fff51a80000 - 0x00007fff51b1d000 	C:\Windows\System32\msvcp_win.dll
0x00007fff53360000 - 0x00007fff53390000 	C:\Windows\System32\IMM32.DLL
0x00007fff4c960000 - 0x00007fff4c96c000 	C:\Users\Ryan\AppData\Local\Programs\Eclipse Adoptium\jdk-17.0.1.12-hotspot\bin\vcruntime140_1.dll
0x00007fff49e30000 - 0x00007fff49ec1000 	C:\Users\Ryan\AppData\Local\Programs\Eclipse Adoptium\jdk-17.0.1.12-hotspot\bin\msvcp140.dll
0x00007ffeebad0000 - 0x00007ffeec716000 	C:\Users\Ryan\AppData\Local\Programs\Eclipse Adoptium\jdk-17.0.1.12-hotspot\bin\server\jvm.dll
0x00007fff52560000 - 0x00007fff5260e000 	C:\Windows\System32\ADVAPI32.dll
0x00007fff53220000 - 0x00007fff532bc000 	C:\Windows\System32\sechost.dll
0x00007fff530e0000 - 0x00007fff53205000 	C:\Windows\System32\RPCRT4.dll
0x00007fff53350000 - 0x00007fff53358000 	C:\Windows\System32\PSAPI.DLL
0x00007fff30630000 - 0x00007fff30639000 	C:\Windows\SYSTEM32\WSOCK32.dll
0x00007fff4b440000 - 0x00007fff4b467000 	C:\Windows\SYSTEM32\WINMM.dll
0x00007fff4a5e0000 - 0x00007fff4a5ea000 	C:\Windows\SYSTEM32\VERSION.dll
0x00007fff53390000 - 0x00007fff533fb000 	C:\Windows\System32\WS2_32.dll
0x00007fff4f300000 - 0x00007fff4f312000 	C:\Windows\SYSTEM32\kernel.appcore.dll
0x00007fff4c810000 - 0x00007fff4c81a000 	C:\Users\Ryan\AppData\Local\Programs\Eclipse Adoptium\jdk-17.0.1.12-hotspot\bin\jimage.dll
0x00007fff48e00000 - 0x00007fff48fe4000 	C:\Windows\SYSTEM32\DBGHELP.DLL
0x00007fff395e0000 - 0x00007fff3960c000 	C:\Windows\SYSTEM32\dbgcore.DLL
0x00007fff51c80000 - 0x00007fff51d02000 	C:\Windows\System32\bcryptPrimitives.dll
0x00007fff4c320000 - 0x00007fff4c32e000 	C:\Users\Ryan\AppData\Local\Programs\Eclipse Adoptium\jdk-17.0.1.12-hotspot\bin\instrument.dll
0x00007fff4c2f0000 - 0x00007fff4c315000 	C:\Users\Ryan\AppData\Local\Programs\Eclipse Adoptium\jdk-17.0.1.12-hotspot\bin\java.dll

dbghelp: loaded successfully - version: 4.0.5 - missing functions: none
symbol engine: initialized successfully - sym options: 0x614 - pdb path: .;C:\Users\Ryan\AppData\Local\Programs\Eclipse Adoptium\jdk-17.0.1.12-hotspot\bin;C:\Windows\SYSTEM32;C:\Windows\WinSxS\amd64_microsoft.windows.common-controls_6595b64144ccf1df_6.0.19041.1110_none_60b5254171f9507e;C:\Users\Ryan\AppData\Local\Programs\Eclipse Adoptium\jdk-17.0.1.12-hotspot\bin\server

VM Arguments:
jvm_args: -javaagent:C:\Program Files\JetBrains\IntelliJ IDEA Community Edition 2021.3.1\lib\idea_rt.jar=51287:C:\Program Files\JetBrains\IntelliJ IDEA Community Edition 2021.3.1\bin -Dfile.encoding=UTF-8 
java_command: main.Main
java_class_path (initial): C:\Users\Ryan\Documents\CMPT 276\project\Phase 2\RaccoonGame\target\classes
Launcher Type: SUN_STANDARD

[Global flags]
     intx CICompilerCount                          = 12                                        {product} {ergonomic}
     uint ConcGCThreads                            = 3                                         {product} {ergonomic}
     uint G1ConcRefinementThreads                  = 13                                        {product} {ergonomic}
   size_t G1HeapRegionSize                         = 4194304                                   {product} {ergonomic}
    uintx GCDrainStackTargetSize                   = 64                                        {product} {ergonomic}
   size_t InitialHeapSize                          = 536870912                                 {product} {ergonomic}
   size_t MarkStackSize                            = 4194304                                   {product} {ergonomic}
   size_t MaxHeapSize                              = 8568963072                                {product} {ergonomic}
   size_t MinHeapDeltaBytes                        = 4194304                                   {product} {ergonomic}
   size_t MinHeapSize                              = 8388608                                   {product} {ergonomic}
    uintx NonNMethodCodeHeapSize                   = 7602480                                {pd product} {ergonomic}
    uintx NonProfiledCodeHeapSize                  = 122027880                              {pd product} {ergonomic}
    uintx ProfiledCodeHeapSize                     = 122027880                              {pd product} {ergonomic}
    uintx ReservedCodeCacheSize                    = 251658240                              {pd product} {ergonomic}
     bool SegmentedCodeCache                       = true                                      {product} {ergonomic}
   size_t SoftMaxHeapSize                          = 8568963072                             {manageable} {ergonomic}
     bool UseCompressedClassPointers               = true                           {product lp64_product} {ergonomic}
     bool UseCompressedOops                        = true                           {product lp64_product} {ergonomic}
     bool UseG1GC                                  = true                                      {product} {ergonomic}
     bool UseLargePagesIndividualAllocation        = false                                  {pd product} {ergonomic}

Logging:
Log output configuration:
 #0: stdout all=warning uptime,level,tags
 #1: stderr all=off uptime,level,tags

Environment Variables:
JAVA_HOME=C:\Users\Ryan\AppData\Local\Programs\Eclipse Adoptium\jdk-17.0.1.12-hotspot\
PATH=C:\Program Files (x86)\Common Files\Oracle\Java\javapath;C:\Program Files (x86)\Razer\ChromaBroadcast\bin;C:\Program Files\Razer\ChromaBroadcast\bin;C:\Program Files (x86)\Razer Chroma SDK\bin;C:\Program Files\Razer Chroma SDK\bin;C:\Windows\system32;C:\Windows;C:\Windows\System32\Wbem;C:\Windows\System32\WindowsPowerShell\v1.0\;C:\Windows\System32\OpenSSH\;C:\Program Files\NVIDIA Corporation\NVIDIA NvDLISR;C:\Program Files (x86)\NVIDIA Corporation\PhysX\Common;C:\Windows\system32\config\systemprofile\AppData\Local\Microsoft\WindowsApps;C:\Users\Ryan\AppData\Local\Microsoft\WindowsApps;C:\Users\Ryan\AppData\Local\atom\bin;C:\MinGW\bin;C:\Program Files\nodejs\;C:\Program Files\Git\cmd;C:\Users\Ryan\AppData\Local\Programs\Eclipse Adoptium\jdk-17.0.1.12-hotspot\bin;C:\Program Files\MySQL\MySQL Shell 8.0\bin\;C:\Users\Ryan\AppData\Local\Microsoft\WindowsApps;C:\Users\Ryan\AppData\Local\atom\bin;C:\MinGW\bin;C:\Users\Ryan\AppData\Roaming\npm;C:\Users\Ryan\AppData\Local\Programs\Microsoft VS Code\bin
USERNAME=Ryan
OS=Windows_NT
PROCESSOR_IDENTIFIER=Intel64 Family 6 Model 165 Stepping 5, GenuineIntel



---------------  S Y S T E M  ---------------

OS:
 Windows 10 , 64 bit Build 19041 (10.0.19041.1566)
OS uptime: 5 days 0:18 hours

CPU: total 16 (initial active 16) (8 cores per cpu, 2 threads per core) family 6 model 165 stepping 5 microcode 0xc8, cx8, cmov, fxsr, ht, mmx, 3dnowpref, sse, sse2, sse3, ssse3, sse4.1, sse4.2, popcnt, lzcnt, tsc, tscinvbit, avx, avx2, aes, erms, clmul, bmi1, bmi2, adx, fma, vzeroupper, clflush, clflushopt

Memory: 4k page, system-wide physical 32681M (783M free)
TotalPageFile size 60268M (AvailPageFile size 382M)
current process WorkingSet (physical memory assigned to process): 10M, peak: 10M
current process commit charge ("private bytes"): 70M, peak: 582M

vm_info: OpenJDK 64-Bit Server VM (17.0.1+12) for windows-amd64 JRE (17.0.1+12), built on Oct 20 2021 07:42:55 by "" with MS VC++ 16.7 (VS2019)

END.
